Detecting C [-std=c11] compiler features failed to compile with the following output:
Change Dir: /home/r1d1/dev/catkin_ws/src/robot_ws/control/build/CMakeFiles/CMakeTmp

Run Build Command:"/usr/bin/ninja" "cmTC_d434d"
[1/2] Building C object CMakeFiles/cmTC_d434d.dir/feature_tests.c.o
FAILED: CMakeFiles/cmTC_d434d.dir/feature_tests.c.o 
/usr/bin/c89-gcc   -std=c11 -o CMakeFiles/cmTC_d434d.dir/feature_tests.c.o   -c /home/r1d1/dev/catkin_ws/src/robot_ws/control/build/CMakeFiles/feature_tests.c
c89-gcc called with non ANSI/ISO C option -std=c11
ninja: build stopped: subcommand failed.



Determining if the pthread_create exist failed with the following output:
Change Dir: /home/r1d1/dev/catkin_ws/src/robot_ws/control/build/CMakeFiles/CMakeTmp

Run Build Command:"/usr/bin/ninja" "cmTC_6f508"
[1/2] Building C object CMakeFiles/cmTC_6f508.dir/CheckSymbolExists.c.o
[2/2] Linking C executable cmTC_6f508
FAILED: cmTC_6f508 
: && /usr/bin/c89-gcc   -rdynamic CMakeFiles/cmTC_6f508.dir/CheckSymbolExists.c.o  -o cmTC_6f508   && :
CMakeFiles/cmTC_6f508.dir/CheckSymbolExists.c.o: In function `main':
CheckSymbolExists.c:(.text+0x1b): undefined reference to `pthread_create'
collect2: error: ld returned 1 exit status
ninja: build stopped: subcommand failed.

File /home/r1d1/dev/catkin_ws/src/robot_ws/control/build/CMakeFiles/CMakeTmp/CheckSymbolExists.c:
/* */
#include <pthread.h>

int main(int argc, char** argv)
{
  (void)argv;
#ifndef pthread_create
  return ((int*)(&pthread_create))[argc];
#else
  (void)argc;
  return 0;
#endif
}

Determining if the function pthread_create exists in the pthreads failed with the following output:
Change Dir: /home/r1d1/dev/catkin_ws/src/robot_ws/control/build/CMakeFiles/CMakeTmp

Run Build Command:"/usr/bin/ninja" "cmTC_c9a9f"
[1/2] Building C object CMakeFiles/cmTC_c9a9f.dir/CheckFunctionExists.c.o
[2/2] Linking C executable cmTC_c9a9f
FAILED: cmTC_c9a9f 
: && /usr/bin/c89-gcc -DCHECK_FUNCTION_EXISTS=pthread_create  -rdynamic CMakeFiles/cmTC_c9a9f.dir/CheckFunctionExists.c.o  -o cmTC_c9a9f  -lpthreads && :
/usr/bin/ld: cannot find -lpthreads
collect2: error: ld returned 1 exit status
ninja: build stopped: subcommand failed.


